This is pdfTeX, Version 3.1415926-1.40.10 (MiKTeX 2.8) (preloaded format=latex 2010.8.15)  16 AUG 2010 10:19
entering extended mode
**Parabolic_spectrum_full.tex

("C:\Users\cplb2\Documents\Cambridge\PhD\Write up\PM\Parabolic_spectrum_full.te
x"
LaTeX2e <2009/09/24>
Babel <v3.8l> and hyphenation patterns for english, dumylang, nohyphenation, ge
rman, ngerman, german-x-2009-06-19, ngerman-x-2009-06-19, french, loaded.
("C:\Program Files (x86)\MiKTeX 2.8\tex\latex\revtex\revtex4-1.cls"
Document Class: revtex4-1 2010/02/25/18:00:00 4.1p (http://publish.aps.org/revt
ex4/ for documentation)
 Copyright (c) 2009 The American Physical Society.
 mailto:revtex@aps.org
 Licensed under the LPPL:
http://www.ctan.org/tex-archive/macros/latex/base/lppl.txt
 Arthur Ogawa <arthur_ogawa at sbcglobal dot net>
 Based on work by David Carlisle <david at dcarlisle.demon.co.uk>.
ltxutil[2010/02/25/18:00:00 4.1p utilities package (portions licensed from W. E
. Baxter web at superscript.com)]
LaTeX Info: Redefining \@centercr on input line 308.
Class revtex4-1 Info: Repairing broken LaTeX eqnarray on input line 358.
\eqncolsep=\skip41
Class revtex4-1 Info: Repairing hyperref-unfriendly LaTeX definition of \mpfoot
note on input line 433.
Class revtex4-1 Info: Repairing broken LateX \@sect on input line 755.
\intertabularlinepenalty=\count79
\@tbpen=\count80
\@arstrutbox@hline=\box26
Class revtex4-1 Info: Repairing broken LaTeX \@xbitor on input line 1786.
Class revtex4-1 Info: Making \typeout \long on input line 2046.
ltxfront[2010/02/25/18:00:00 4.1p frontmatter package (AO,DPC)]
\c@affil=\count81
\c@collab=\count82
\absbox=\box27
ltxgrid[2010/02/25/18:00:00 4.1p page grid package (portions licensed from W. E
. Baxter web at superscript.com)]
\c@linecount=\count83
\output@latex=\toks14
\box@size@1=\box28
\box@size@2=\box29
\@protection@box=\box30
\@topmark@saved=\toks15
\footins@saved=\box31
\footins@recovered=\box32
\column@recovered=\box33
\pagesofar=\box34
\footsofar=\box35
\pagegrid@col=\count84
Class revtex4-1 Info: Overriding \@vspace, \@vspacer, \@no@pgbk, \@newline, and
 \\  on input line 5578.
\c@part=\count85
\c@section=\count86
\c@subsection=\count87
\c@subsubsection=\count88
\c@paragraph=\count89
\c@subparagraph=\count90
\abovecaptionskip=\skip42
\belowcaptionskip=\skip43
\c@figure=\count91
\fbox@1=\box36
\c@table=\count92
\fbox@2=\box37
\c@video=\count93
\fbox@4=\box38
\@bibdataout=\write3
\widetext@top=\box39
\widetext@bot=\box40
Class revtex4-1 Info: Selecting society aps on input line 7540.
("C:\Program Files (x86)\MiKTeX 2.8\tex\latex\revtex\aps4-1.rtx"
File: aps4-1 2010/02/25/18:00:00 4.1p (http://publish.aps.org/revtex4/ for docu
mentation)
Class revtex4-1 Info: RevTeX society APS selected on input line 31.
)
Class revtex4-1 Info: Selecting journal prd on input line 7542.
Class revtex4-1 Info: APS journal PRD selected on input line 7543.

("C:\Program Files (x86)\MiKTeX 2.8\tex\latex\revtex\aps10pt4-1.rtx"
File: aps10pt4-1 2010/02/25/18:00:00 4.1p (http://publish.aps.org/revtex4/ for 
documentation)
Class revtex4-1 Info: RevTeX pointsize 10pt selected on input line 30.
)
("C:\Program Files (x86)\MiKTeX 2.8\tex\latex\textcase\textcase.sty"
Package: textcase 2004/10/07 v0.07 Text only upper/lower case changing (DPC)
)
("C:\Program Files (x86)\MiKTeX 2.8\tex\latex\ltxmisc\url.sty"
\Urlmuskip=\muskip10
Package: url 2006/04/12  ver 3.3  Verb mode for urls, etc.
)
("C:\Program Files (x86)\MiKTeX 2.8\tex\latex\natbib\natbib.sty"
Package: natbib 2009/11/07 8.31a (PWD, AO)
\bibhang=\skip44
\bibsep=\skip45
LaTeX Info: Redefining \cite on input line 694.
\c@NAT@ctr=\count94
)
Class revtex4-1 Info: Repairing natbib's \BibitemShut on input line 7547.

("C:\Program Files (x86)\MiKTeX 2.8\tex\latex\revtex\revsymb4-1.sty"
Package: revsymb4-1 2010/02/25/18:00:00 4.1p (http://publish.aps.org/revtex4/ f
or documentation)
LaTeX Info: Redefining \REV@mathfrak on input line 119.
))
("C:\Program Files (x86)\MiKTeX 2.8\tex\latex\graphics\graphicx.sty"
Package: graphicx 1999/02/16 v1.0f Enhanced LaTeX Graphics (DPC,SPQR)

("C:\Program Files (x86)\MiKTeX 2.8\tex\latex\graphics\keyval.sty"
Package: keyval 1999/03/16 v1.13 key=value parser (DPC)
\KV@toks@=\toks16
)
("C:\Program Files (x86)\MiKTeX 2.8\tex\latex\graphics\graphics.sty"
Package: graphics 2009/02/05 v1.0o Standard LaTeX Graphics (DPC,SPQR)

("C:\Program Files (x86)\MiKTeX 2.8\tex\latex\graphics\trig.sty"
Package: trig 1999/03/16 v1.09 sin cos tan (DPC)
)
("C:\Program Files (x86)\MiKTeX 2.8\tex\latex\00miktex\graphics.cfg"
File: graphics.cfg 2007/01/18 v1.5 graphics configuration of teTeX/TeXLive
)
Package graphics Info: Driver file: dvips.def on input line 91.

("C:\Program Files (x86)\MiKTeX 2.8\tex\latex\graphics\dvips.def"
File: dvips.def 1999/02/16 v3.0i Driver-dependant file (DPC,SPQR)
))
\Gin@req@height=\dimen102
\Gin@req@width=\dimen103
)
("C:\Program Files (x86)\MiKTeX 2.8\tex\latex\graphics\color.sty"
Package: color 2005/11/14 v1.0j Standard LaTeX Color (DPC)

("C:\Program Files (x86)\MiKTeX 2.8\tex\latex\00miktex\color.cfg"
File: color.cfg 2007/01/18 v1.5 color configuration of teTeX/TeXLive
)
Package color Info: Driver file: dvips.def on input line 130.

("C:\Program Files (x86)\MiKTeX 2.8\tex\latex\graphics\dvipsnam.def"
File: dvipsnam.def 1999/02/16 v3.0i Driver-dependant file (DPC,SPQR)
))
("C:\Program Files (x86)\MiKTeX 2.8\tex\latex\psfrag\psfrag.sty"
Package: psfrag 1998/04/11 v3.04 PSfrag (MCG)
\pfg@pcount=\count95
\pfg@scount=\count96
\pfg@temp=\write4
)
("C:\Program Files (x86)\MiKTeX 2.8\tex\latex\subfigure\subfigure.sty"
Package: subfigure 2002/07/30 v2.1.4 subfigure package
\subfigtopskip=\skip46
\subfigcapskip=\skip47
\subfigcaptopadj=\dimen104
\subfigbottomskip=\skip48
\subfigcapmargin=\dimen105
\subfiglabelskip=\skip49
\c@subfigure=\count97
\c@lofdepth=\count98
\c@subtable=\count99
\c@lotdepth=\count100

****************************************
* Local config file subfigure.cfg used *
****************************************
("C:\Program Files (x86)\MiKTeX 2.8\tex\latex\subfigure\subfigure.cfg")
\subfig@top=\skip50
\subfig@bottom=\skip51
)
("C:\Program Files (x86)\MiKTeX 2.8\tex\latex\carlisle\slashed.sty"
Package: slashed 1997/01/16 v0.01 Feynman Slashed Character Notation (DPC)
)
("C:\Program Files (x86)\MiKTeX 2.8\tex\latex\siunitx\siunitx.sty"
("C:\Program Files (x86)\MiKTeX 2.8\tex\latex\expl3\expl3.sty"
("C:\Program Files (x86)\MiKTeX 2.8\tex\latex\expl3\l3names.sty"
Package: l3names 2010/07/25 v1987 L3 Experimental Naming Scheme for TeX Primiti
ves
)
Package: expl3 2010/07/25 v1987 L3 Experimental code bundle wrapper

("C:\Program Files (x86)\MiKTeX 2.8\tex\latex\misc\etex.sty"
Package: etex 1998/03/26 v2.0 eTeX basic definition package (PEB)
\et@xins=\count101
)
("C:\Program Files (x86)\MiKTeX 2.8\tex\latex\expl3\l3basics.sty"
Package: l3basics 2010/06/07 v1942 L3 Experimental basic definitions
)
("C:\Program Files (x86)\MiKTeX 2.8\tex\latex\expl3\l3expan.sty"
Package: l3expan 2010/06/10 v1948 L3 Experimental Argument Expansion module
)
("C:\Program Files (x86)\MiKTeX 2.8\tex\latex\expl3\l3tl.sty"
Package: l3tl 2010/05/22 v1919 L3 Experimental Token Lists
)
("C:\Program Files (x86)\MiKTeX 2.8\tex\latex\expl3\l3intexpr.sty"
Package: l3intexpr 2010/06/15 v1957 L3 Integer Expressions
)
("C:\Program Files (x86)\MiKTeX 2.8\tex\latex\expl3\l3quark.sty"
Package: l3quark 2010/03/21 v1853 L3 Experimental Quark Commands
)
("C:\Program Files (x86)\MiKTeX 2.8\tex\latex\expl3\l3seq.sty"
Package: l3seq 2010/03/29 v1879 L3 Experimental sequences and stacks
)
("C:\Program Files (x86)\MiKTeX 2.8\tex\latex\expl3\l3toks.sty"
Package: l3toks 2010/05/25 v1933 L3 Experimental Token Registers
\l_tmpb_toks=\toks17
\l_tmpc_toks=\toks18
\g_tmpa_toks=\toks19
\g_tmpb_toks=\toks20
\g_tmpc_toks=\toks21
\c_empty_toks=\toks22
\l_tl_replace_toks=\toks23
)
("C:\Program Files (x86)\MiKTeX 2.8\tex\latex\expl3\l3int.sty"
Package: l3int 2010/05/25 v1933 L3 Experimental Integer module
\l_tmpa_int=\count102
\l_tmpb_int=\count103
\l_tmpc_int=\count104
\g_tmpa_int=\count105
\g_tmpb_int=\count106
\c_max_int=\count107
\g_tl_inline_level_int=\count108
)
("C:\Program Files (x86)\MiKTeX 2.8\tex\latex\expl3\l3prg.sty"
Package: l3prg 2010/03/21 v1853 L3 Experimental control structures
\g_prg_inline_level_int=\count109
)
("C:\Program Files (x86)\MiKTeX 2.8\tex\latex\expl3\l3clist.sty"
Package: l3clist 2010/03/29 v1878 L3 Experimental comma separated lists
\g_clist_inline_level_int=\count110
)
("C:\Program Files (x86)\MiKTeX 2.8\tex\latex\expl3\l3token.sty"
Package: l3token 2010/04/11 v1890 L3 Experimental token investigation and manip
ulation
)
("C:\Program Files (x86)\MiKTeX 2.8\tex\latex\expl3\l3prop.sty"
Package: l3prop 2010/03/21 v1857 L3 Experimental Property Lists
\g_prop_inline_level_int=\count111
)
("C:\Program Files (x86)\MiKTeX 2.8\tex\latex\expl3\l3msg.sty"
Package: l3msg 2010/03/23 v1866 L3 Experimental LaTeX Messages module
\l_msg_redirect_classes_prop=\toks24
\l_msg_redirect_names_prop=\toks25
\l_msg_redirect_fatal_prop=\toks26
\l_msg_redirect_error_prop=\toks27
\l_msg_redirect_warning_prop=\toks28
\l_msg_redirect_info_prop=\toks29
\l_msg_redirect_log_prop=\toks30
\l_msg_redirect_trace_prop=\toks31
\l_msg_redirect_none_prop=\toks32
)
("C:\Program Files (x86)\MiKTeX 2.8\tex\latex\expl3\l3io.sty"
Package: l3io 2010/05/22 v1923 L3 Experimental i/o module
\g_iow_streams_prop=\toks33
\g_ior_streams_prop=\toks34
\l_iow_stream_int=\count112
)
("C:\Program Files (x86)\MiKTeX 2.8\tex\latex\expl3\l3skip.sty"
Package: l3skip 2010/05/25 v1933 L3 Experimental skip registers
\l_tmpa_skip=\skip52
\l_tmpb_skip=\skip53
\l_tmpc_skip=\skip54
\g_tmpa_skip=\skip55
\g_tmpb_skip=\skip56
\l_tmpa_dim=\dimen106
\l_tmpb_dim=\dimen107
\l_tmpc_dim=\dimen108
\l_tmpd_dim=\dimen109
\g_tmpa_dim=\dimen110
\g_tmpb_dim=\dimen111
)
("C:\Program Files (x86)\MiKTeX 2.8\tex\latex\expl3\l3box.sty"
Package: l3box 2010/05/22 v1919 L3 Experimental Box module
\l_tmpb_box=\box41
)
("C:\Program Files (x86)\MiKTeX 2.8\tex\latex\expl3\l3keyval.sty"
Package: l3keyval 2010/04/11 v1890 L3 Experimental keyval processing
\l_KV_level_int=\count113
)
("C:\Program Files (x86)\MiKTeX 2.8\tex\latex\expl3\l3keys.sty"
Package: l3keys 2010/05/24 v1931 L3 Experimental key-value support
\l_keys_choice_int=\count114
)
("C:\Program Files (x86)\MiKTeX 2.8\tex\latex\expl3\l3precom.sty"
Package: l3precom 2010/02/09 v1793 L3 Experimental precompilation module
\g_gen_sym_int=\count115
\g_ggen_sym_int=\count116
)
("C:\Program Files (x86)\MiKTeX 2.8\tex\latex\expl3\l3xref.sty"
Package: l3xref 2010/02/09 v1786 L3 Experimental cross referencing
\g_xref_all_curr_immediate_fields_prop=\toks35
\g_xref_all_curr_deferred_fields_prop=\toks36
)
("C:\Program Files (x86)\MiKTeX 2.8\tex\latex\expl3\l3file.sty"
Package: l3file 2010/03/21 v1853 L3 Experimental file loading
)
("C:\Program Files (x86)\MiKTeX 2.8\tex\latex\expl3\l3fp.sty"
Package: l3fp 2010/07/18 v1985 L3 Experimental floating-point operations
\l_fp_input_a_integer_int=\count117
\l_fp_input_a_decimal_int=\count118
\l_fp_input_b_integer_int=\count119
\l_fp_input_b_decimal_int=\count120
\l_fp_input_a_sign_int=\count121
\l_fp_input_b_sign_int=\count122
\l_fp_split_sign_int=\count123
\l_fp_mul_a_i_int=\count124
\l_fp_mul_a_ii_int=\count125
\l_fp_mul_a_iii_int=\count126
\l_fp_mul_a_iv_int=\count127
\l_fp_mul_a_v_int=\count128
\l_fp_mul_a_vi_int=\count129
\l_fp_mul_b_i_int=\count130
\l_fp_mul_b_ii_int=\count131
\l_fp_mul_b_iii_int=\count132
\l_fp_mul_b_iv_int=\count133
\l_fp_mul_b_v_int=\count134
\l_fp_mul_b_vi_int=\count135
\l_fp_mul_output_int=\count136
\l_fp_div_count_int=\count137
\l_fp_div_offset_int=\count138
\l_fp_output_sign_int=\count139
\l_fp_output_integer_int=\count140
\l_fp_output_decimal_int=\count141
\l_fp_round_discard_int=\count142
\l_fp_round_position_int=\count143
\l_fp_tmp_int=\count144
\c_one_hundred_million=\count145
\c_one_thousand_million=\count146
\l_fp_tmp_dim=\dimen112
\l_fp_round_precision_int=\count147
)
("C:\Program Files (x86)\MiKTeX 2.8\tex\latex\expl3\l3luatex.sty"
Package: l3luatex 2010/07/18 v1985 L3 Experimental LuaTeX functions
\g_cctab_allocate_int=\count148
\g_cctab_stack_int=\count149
)
("C:\Program Files (x86)\MiKTeX 2.8\tex\latex\tools\calc.sty"
Package: calc 2007/08/22 v4.3 Infix arithmetic (KKT,FJ)
\calc@Acount=\count150
\calc@Bcount=\count151
\calc@Adimen=\dimen113
\calc@Bdimen=\dimen114
\calc@Askip=\skip57
\calc@Bskip=\skip58
LaTeX Info: Redefining \setlength on input line 76.
LaTeX Info: Redefining \addtolength on input line 77.
\calc@Ccount=\count152
\calc@Cskip=\skip59
))
Package: siunitx 2010/08/02 v2.0r A comprehensive (SI) units package

("C:\Program Files (x86)\MiKTeX 2.8\tex\latex\ams\math\amstext.sty"
Package: amstext 2000/06/29 v2.01

("C:\Program Files (x86)\MiKTeX 2.8\tex\latex\ams\math\amsgen.sty"
File: amsgen.sty 1999/11/30 v2.0
\@emptytoks=\toks37
\ex@=\dimen115
)
LaTeX Info: Redefining \text on input line 53.
)
("C:\Program Files (x86)\MiKTeX 2.8\tex\latex\tools\array.sty"
Package: array 2008/09/09 v2.4c Tabular extension package (FMi)
\col@sep=\dimen116
\extrarowheight=\dimen117
\NC@list=\toks38
\extratabsurround=\skip60
\backup@length=\skip61
)
("C:\Program Files (x86)\MiKTeX 2.8\tex\latex\xpackages\xtras\l3keys2e.sty"
Package: l3keys2e 2009/08/24 v1494 Parsing LaTeX3 keyvals as LaTeX2e package op
tions

("C:\Program Files (x86)\MiKTeX 2.8\tex\latex\xpackages\xbase\xparse.sty"
Package: xparse 2010/05/23 v1927 Generic document command parser
\c_xparse_shorthands_prop=\toks39
\l_xparse_m_args_int=\count153
\l_xparse_mandatory_args_int=\count154
\l_xparse_processor_int=\count155
\l_xparse_total_args_int=\count156
)
 LaTeX Info: Defining document command \ProcessKeysOptions
(LaTeX)  with arg. spec. 'm' on line 116.

 LaTeX Info: Defining document command \ProcessKeysPackageOptions
(LaTeX)  with arg. spec. 'm' on line 120.

)
\l_siunitx_tmp_box=\box42
\l_siunitx_tmp_int=\count157
\l_siunitx_number_in_prop=\toks40
\l_siunitx_round_int=\count158
\l_siunitx_process_decimal_int=\count159
\l_siunitx_process_uncertainty_int=\count160
\l_siunitx_process_precision_int=\count161
\l_siunitx_number_out_prop=\toks41
\l_siunitx_angle_marker_box=\box43
\l_siunitx_angle_unit_box=\box44
\l_siunitx_angle_marker_dim=\dimen118
\l_siunitx_angle_unit_dim=\dimen119
\l_siunitx_angle_degree_prop=\toks42
\l_siunitx_angle_minute_prop=\toks43
\l_siunitx_angle_second_prop=\toks44
\l_siunitx_unit_int=\count162
\l_siunitx_unit_prop=\toks45
\l_siunitx_unit_denominator_int=\count163
\l_siunitx_unit_numerator_int=\count164
\l_siunitx_unit_prefix_int=\count165
\l_siunitx_unit_prefix_base_int=\count166
\l_siunitx_unit_prefix_gram_int=\count167
\l_siunitx_number_product_int=\count168
\c_siunitx_one_fill_skip=\skip62
\c_siunitx_table_correction_skip=\skip63
\l_siunitx_table_unit_align_skip=\skip64
\l_siunitx_table_fill_box=\box45
\l_siunitx_table_fill_dim=\dimen120
\l_siunitx_table_pre_box=\box46
\l_siunitx_table_post_box=\box47
\l_siunitx_table_result_box=\box48
\l_siunitx_table_decimal_dim=\dimen121
\l_siunitx_table_exponent_dim=\dimen122
\l_siunitx_table_integer_dim=\dimen123
\l_siunitx_table_mantissa_dim=\dimen124
\l_siunitx_table_marker_dim=\dimen125
\l_siunitx_table_result_dim=\dimen126
\l_siunitx_table_uncert_dim=\dimen127
\l_siunitx_table_gap_dim=\dimen128
\l_siunitx_table_model_prop=\toks46
\l_siunitx_table_number_align_skip=\skip65
\l_siunitx_table_text_align_skip=\skip66
\l_siunitx_table_decimal_int=\count169
\l_siunitx_table_exponent_int=\count170
\l_siunitx_table_integer_int=\count171
\l_siunitx_table_uncert_int=\count172
 LaTeX Info: Defining document command \ang
(LaTeX)  with arg. spec. 'o>{\SplitArgument {2}{;}}m' on line 5636.

 LaTeX Info: Defining document command \num
(LaTeX)  with arg. spec. 'om' on line 5643.

 LaTeX Info: Defining document command \numlist
(LaTeX)  with arg. spec. 'o>{\SplitList {;}}m' on line 5650.

 LaTeX Info: Defining document command \numrange
(LaTeX)  with arg. spec. 'omm' on line 5657.

 LaTeX Info: Defining document command \si
(LaTeX)  with arg. spec. 'om' on line 5667.

 LaTeX Info: Defining document command \SIlist
(LaTeX)  with arg. spec. 'o>{\SplitList {;}}mm' on line 5677.

 LaTeX Info: Defining document command \SIrange
(LaTeX)  with arg. spec. 'ommm' on line 5687.

 LaTeX Info: Defining document command \SI
(LaTeX)  with arg. spec. 'omom' on line 5697.

 LaTeX Info: Defining document command \sisetup
(LaTeX)  with arg. spec. 'm' on line 5700.

 LaTeX Info: Defining document command \siunitx_bookmark_num:w
(LaTeX)  with arg. spec. 'om' on line 5736.

 LaTeX Info: Defining document command \siunitx_bookmark_numrange:w
(LaTeX)  with arg. spec. 'omm' on line 5738.

 LaTeX Info: Defining document command \siunitx_bookmark_si:w
(LaTeX)  with arg. spec. 'om' on line 5739.

 LaTeX Info: Defining document command \siunitx_bookmark_SI:w
(LaTeX)  with arg. spec. 'omom' on line 5741.

 LaTeX Info: Defining document command \siunitx_bookmark_SIrange:w
(LaTeX)  with arg. spec. 'ommm' on line 5743.

\g_ior_tmp_stream=\read1

("C:\Program Files (x86)\MiKTeX 2.8\tex\latex\beamer\base\translator\translator
.sty"
Package: translator 2010/06/12 ver 1.10

("C:\Program Files (x86)\MiKTeX 2.8\tex\latex\beamer\base\translator\translator
-language-mappings.tex")))
("C:\Program Files (x86)\MiKTeX 2.8\tex\latex\hyperref\hyperref.sty"
Package: hyperref 2010/06/18 v6.81g Hypertext links for LaTeX

("C:\Program Files (x86)\MiKTeX 2.8\tex\generic\oberdiek\ltxcmds.sty"
Package: ltxcmds 2010/04/26 v1.7 LaTeX kernel commands for general use (HO)
)
("C:\Program Files (x86)\MiKTeX 2.8\tex\generic\oberdiek\kvsetkeys.sty"
Package: kvsetkeys 2010/03/01 v1.9 Key value parser (HO)

("C:\Program Files (x86)\MiKTeX 2.8\tex\generic\oberdiek\infwarerr.sty"
Package: infwarerr 2010/04/08 v1.3 Providing info/warning/message (HO)
)
("C:\Program Files (x86)\MiKTeX 2.8\tex\generic\oberdiek\etexcmds.sty"
Package: etexcmds 2010/01/28 v1.3 Prefix for e-TeX command names (HO)
Package etexcmds Info: Could not find \expanded.
(etexcmds)             That can mean that you are not using pdfTeX 1.50 or
(etexcmds)             that some package has redefined \expanded.
(etexcmds)             In the latter case, load this package earlier.
))
("C:\Program Files (x86)\MiKTeX 2.8\tex\generic\oberdiek\pdfescape.sty"
Package: pdfescape 2010/03/01 v1.9 Provides hex, PDF name and string conversion
s (HO)

("C:\Program Files (x86)\MiKTeX 2.8\tex\generic\oberdiek\pdftexcmds.sty"
Package: pdftexcmds 2010/04/01 v0.9 Utility functions of pdfTeX for LuaTeX (HO)


("C:\Program Files (x86)\MiKTeX 2.8\tex\generic\oberdiek\ifluatex.sty"
Package: ifluatex 2010/03/01 v1.3 Provides the ifluatex switch (HO)
Package ifluatex Info: LuaTeX not detected.
)
Package pdftexcmds Info: LuaTeX not detected.
Package pdftexcmds Info: \pdf@primitive is available.
Package pdftexcmds Info: \pdf@ifprimitive is available.
))
("C:\Program Files (x86)\MiKTeX 2.8\tex\generic\oberdiek\ifpdf.sty"
Package: ifpdf 2010/01/28 v2.1 Provides the ifpdf switch (HO)
Package ifpdf Info: pdfTeX in pdf mode not detected.
)
("C:\Program Files (x86)\MiKTeX 2.8\tex\generic\oberdiek\ifvtex.sty"
Package: ifvtex 2010/03/01 v1.5 Switches for detecting VTeX and its modes (HO)
Package ifvtex Info: VTeX not detected.
)
("C:\Program Files (x86)\MiKTeX 2.8\tex\latex\ifxetex\ifxetex.sty"
Package: ifxetex 2009/01/23 v0.5 Provides ifxetex conditional
)
("C:\Program Files (x86)\MiKTeX 2.8\tex\latex\oberdiek\hycolor.sty"
Package: hycolor 2009/12/12 v1.6 Color options of hyperref/bookmark (HO)

("C:\Program Files (x86)\MiKTeX 2.8\tex\latex\oberdiek\xcolor-patch.sty"
Package: xcolor-patch 2009/12/12 xcolor patch
))
("C:\Program Files (x86)\MiKTeX 2.8\tex\latex\oberdiek\letltxmacro.sty"
Package: letltxmacro 2008/06/24 v1.3 Let assignment for LaTeX macros (HO)
)
\@linkdim=\dimen129
\Hy@linkcounter=\count173
\Hy@pagecounter=\count174

("C:\Program Files (x86)\MiKTeX 2.8\tex\latex\hyperref\pd1enc.def"
File: pd1enc.def 2010/06/18 v6.81g Hyperref: PDFDocEncoding definition (HO)
)
("C:\Program Files (x86)\MiKTeX 2.8\tex\generic\oberdiek\intcalc.sty"
Package: intcalc 2007/09/27 v1.1 Expandable integer calculations (HO)
)
("C:\Program Files (x86)\MiKTeX 2.8\tex\latex\00miktex\hyperref.cfg"
File: hyperref.cfg 2002/06/06 v1.2 hyperref configuration of TeXLive
)
("C:\Program Files (x86)\MiKTeX 2.8\tex\latex\oberdiek\kvoptions.sty"
Package: kvoptions 2010/02/22 v3.7 Keyval support for LaTeX options (HO)
)
Package hyperref Info: Hyper figures OFF on input line 3658.
Package hyperref Info: Link nesting OFF on input line 3663.
Package hyperref Info: Hyper index ON on input line 3666.
Package hyperref Info: Plain pages OFF on input line 3673.
Package hyperref Info: Backreferencing OFF on input line 3678.

Implicit mode ON; LaTeX internals redefined
Package hyperref Info: Bookmarks ON on input line 3874.
LaTeX Info: Redefining \href on input line 4140.
LaTeX Info: Redefining \url on input line 4159.
("C:\Program Files (x86)\MiKTeX 2.8\tex\generic\oberdiek\bitset.sty"
Package: bitset 2007/09/28 v1.0 Data type bit set (HO)

("C:\Program Files (x86)\MiKTeX 2.8\tex\generic\oberdiek\bigintcalc.sty"
Package: bigintcalc 2007/11/11 v1.1 Expandable big integer calculations (HO)
))
\Fld@menulength=\count175
\Field@Width=\dimen130
\Fld@charsize=\dimen131
\Field@toks=\toks47
Package hyperref Info: Hyper figures OFF on input line 5137.
Package hyperref Info: Link nesting OFF on input line 5142.
Package hyperref Info: Hyper index ON on input line 5145.
Package hyperref Info: backreferencing OFF on input line 5152.
Package hyperref Info: Link coloring OFF on input line 5157.
Package hyperref Info: Link coloring with OCG OFF on input line 5162.
Package hyperref Info: PDF/A mode OFF on input line 5167.
LaTeX Info: Redefining \ref on input line 5207.
LaTeX Info: Redefining \pageref on input line 5211.

("C:\Program Files (x86)\MiKTeX 2.8\tex\generic\oberdiek\atbegshi.sty"
Package: atbegshi 2010/03/25 v1.12 At begin shipout hook (HO)
)
\Hy@abspage=\count176
\c@Item=\count177
\c@Hfootnote=\count178
)
* hyperref using default driver hdvips *
("C:\Program Files (x86)\MiKTeX 2.8\tex\latex\hyperref\hdvips.def"
File: hdvips.def 2010/06/18 v6.81g Hyperref driver for dvips

("C:\Program Files (x86)\MiKTeX 2.8\tex\latex\hyperref\pdfmark.def"
File: pdfmark.def 2010/06/18 v6.81g Hyperref definitions for pdfmark specials
\pdf@docset=\toks48
\pdf@box=\box49
\pdf@toks=\toks49
\pdf@defaulttoks=\toks50
\Fld@listcount=\count179
\c@bookmark@seq@number=\count180

("C:\Program Files (x86)\MiKTeX 2.8\tex\latex\oberdiek\rerunfilecheck.sty"
Package: rerunfilecheck 2010/03/16 v1.6 Rerun checks for auxiliary files (HO)

("C:\Program Files (x86)\MiKTeX 2.8\tex\latex\oberdiek\atveryend.sty"
Package: atveryend 2010/03/24 v1.5 Hooks at very end of document (HO)
)
("C:\Program Files (x86)\MiKTeX 2.8\tex\generic\oberdiek\uniquecounter.sty"
Package: uniquecounter 2009/12/18 v1.1 Provides unlimited unique counter (HO)
)
Package uniquecounter Info: New unique counter `rerunfilecheck' on input line 2
71.
)
\Hy@SectionHShift=\skip67
))
Class revtex4-1 Info: Patching array package. on input line 23.
Class revtex4-1 Info: Robustifying \LaTeX's \boldmath command on input line 23.

Class revtex4-1 Info: cite was not loaded (OK!) on input line 23.
Class revtex4-1 Info: mcite was not loaded (OK!) on input line 23.
Class revtex4-1 Info: multicol was not loaded (OK!) on input line 23.

("C:\Users\cplb2\Documents\Cambridge\PhD\Write up\PM\Parabolic_spectrum_full.au
x")
LaTeX Font Info:    Checking defaults for OML/cmm/m/it on input line 23.
LaTeX Font Info:    ... okay on input line 23.
LaTeX Font Info:    Checking defaults for T1/cmr/m/n on input line 23.
LaTeX Font Info:    ... okay on input line 23.
LaTeX Font Info:    Checking defaults for OT1/cmr/m/n on input line 23.
LaTeX Font Info:    ... okay on input line 23.
LaTeX Font Info:    Checking defaults for OMS/cmsy/m/n on input line 23.
LaTeX Font Info:    ... okay on input line 23.
LaTeX Font Info:    Checking defaults for OMX/cmex/m/n on input line 23.
LaTeX Font Info:    ... okay on input line 23.
LaTeX Font Info:    Checking defaults for U/cmr/m/n on input line 23.
LaTeX Font Info:    ... okay on input line 23.
LaTeX Font Info:    Checking defaults for PD1/pdf/m/n on input line 23.
LaTeX Font Info:    ... okay on input line 23.

("C:\Program Files (x86)\MiKTeX 2.8\tex\latex\beamer\base\translator\dicts\tran
slator-basic-dictionary\translator-basic-dictionary-English.dict"
Dictionary: translator-basic-dictionary, Language: English 
)
\AtBeginShipoutBox=\box50
Package hyperref Info: Link coloring OFF on input line 23.

("C:\Program Files (x86)\MiKTeX 2.8\tex\latex\hyperref\nameref.sty"
Package: nameref 2010/04/30 v2.40 Cross-referencing by name of section

("C:\Program Files (x86)\MiKTeX 2.8\tex\latex\oberdiek\refcount.sty"
Package: refcount 2008/08/11 v3.1 Data extraction from references (HO)
)
("C:\Program Files (x86)\MiKTeX 2.8\tex\generic\oberdiek\gettitlestring.sty"
Package: gettitlestring 2009/12/18 v1.3 Cleanup title references (HO)
)
\c@section@level=\count181
)
LaTeX Info: Redefining \ref on input line 23.
LaTeX Info: Redefining \pageref on input line 23.
LaTeX Info: Redefining \nameref on input line 23.

("C:\Users\cplb2\Documents\Cambridge\PhD\Write up\PM\Parabolic_spectrum_full.ou
t")
("C:\Users\cplb2\Documents\Cambridge\PhD\Write up\PM\Parabolic_spectrum_full.ou
t")
\@outlinefile=\write5
Class revtex4-1 Info: Taking \maketitle back from hyperref on input line 23.
\c_siunitx_mathsf_int=\count182
LaTeX Font Info:    External font `cmex10' loaded for size
(Font)              <7> on input line 23.
LaTeX Font Info:    External font `cmex10' loaded for size
(Font)              <5> on input line 23.
\c_siunitx_mathtt_int=\count183
LaTeX Font Info:    External font `cmex10' loaded for size
(Font)              <9> on input line 39.
LaTeX Font Info:    External font `cmex10' loaded for size
(Font)              <6> on input line 39.
LaTeX Font Info:    External font `cmex10' loaded for size
(Font)              <8> on input line 48.
LaTeX Font Info:    Try loading font information for TS1+cmr on input line 56.
 ("C:\Program Files (x86)\MiKTeX 2.8\tex\latex\base\ts1cmr.fd"
File: ts1cmr.fd 1999/05/25 v2.5h Standard LaTeX font definitions
) [1]
Overfull \hbox (6.77388pt too wide) in alignment at lines 109--113
 [][][] []
 []


Overfull \hbox (3.14362pt too wide) in alignment at lines 158--162
 [][][] []
 []


Overfull \hbox (34.76923pt too wide) in alignment at lines 169--175
 [][][] []
 []

[2]
File: E_ratio.eps Graphic file (type eps)
 <psfrag:E_ratio.eps>
("C:\Users\cplb2\Documents\Cambridge\PhD\Write up\PM\Parabolic_spectrum_full.pf
g") <E_ratio.eps>
LaTeX Font Info:    External font `cmex10' loaded for size
(Font)              <14.4> on input line 271.
File: N_ratio.eps Graphic file (type eps)
 <psfrag:N_ratio.eps>
("C:\Users\cplb2\Documents\Cambridge\PhD\Write up\PM\Parabolic_spectrum_full.pf
g") <N_ratio.eps> [3]
File: N_peri.eps Graphic file (type eps)
 <psfrag:N_peri.eps>
("C:\Users\cplb2\Documents\Cambridge\PhD\Write up\PM\Parabolic_spectrum_full.pf
g") <N_peri.eps>
("C:\Users\cplb2\Documents\Cambridge\PhD\Write up\PM\Parabolic_spectrum_full.bb
l"
Underfull \hbox (badness 1584) in paragraph at lines 118--122
 [][]\OT1/cmr/m/n/9 P. Ben-der, A. Bril-let, I. Ciu-folini, A. M. Cruise,
 []

[4]) [5]
Package atveryend Info: Empty hook `AfterLastShipout' on input line 392.

("C:\Users\cplb2\Documents\Cambridge\PhD\Write up\PM\Parabolic_spectrum_full.au
x")
Package atveryend Info: Executing hook `AtVeryEndDocument' on input line 392.
Package rerunfilecheck Info: File `Parabolic_spectrum_full.out' has not changed
.
(rerunfilecheck)             Checksum: DEF068CDC6FFC436FE8E776586C2F131;717.
 ) 
Here is how much of TeX's memory you used:
 13031 strings out of 495286
 247087 string characters out of 3179850
 322268 words of memory out of 3000000
 16001 multiletter control sequences out of 15000+200000
 12853 words of font info for 47 fonts, out of 3000000 for 9000
 14 hyphenation exceptions out of 8191
 38i,17n,35p,1340b,720s stack positions out of 5000i,500n,10000p,200000b,50000s

Output written on Parabolic_spectrum_full.dvi (5 pages, 73860 bytes).
