This is pdfTeX, Version 3.1415926-1.40.10 (MiKTeX 2.8) (preloaded format=latex 2010.8.15)  23 AUG 2010 09:27
entering extended mode
**Parabolic_spectrum_JRG.tex
("C:\Users\cplb2\Documents\Cambridge\PhD\Write up\PM\Parabolic_spectrum_JRG.tex
"
LaTeX2e <2009/09/24>
Babel <v3.8l> and hyphenation patterns for english, dumylang, nohyphenation, ge
rman, ngerman, german-x-2009-06-19, ngerman-x-2009-06-19, french, loaded.
("C:\Program Files (x86)\MiKTeX 2.8\tex\latex\revtex4\revtex4.cls"
Document Class: revtex4 2001/08/03 v4.0 (http://publish.aps.org/revtex4/ for do
cumentation)
 Copyright (c) 2001 The American Physical Society.
 mailto:revtex@aps.org
 Licensed under the LPPL:
http://www.ctan.org/tex-archive/macros/latex/base/lppl.txt
 Arthur Ogawa <ogawa@teleport.com>
 Based on work by David Carlisle <david@dcarlisle.demon.co.uk>.
ltxutil: portions licensed from W. E. Baxter (web@superscript.com)
Class revtex4 Info: Repairing broken LateX \@sect on input line 596.
\intertabularlinepenalty=\count79
\@tbpen=\count80
\@arstrutbox@hline=\box26
Class revtex4 Info: Repairing broken LaTeX \@xbitor on input line 1610.
ltxgrid: portions licensed from W. E. Baxter (web@superscript.com)
\c@linecount=\count81
\output=\toks14
\@protection@box=\box27
\@topmark@saved=\toks15
\footins@saved=\box28
\pagesofar=\box29
\footbox=\box30
\pagegrid@col=\count82
Class revtex4 Info: Incorporating package {textcase}  [1998/11/12 v0.06 Text on
ly upper/lower case changing (DPC)]. on input line 3682.
("C:\Program Files (x86)\MiKTeX 2.8\tex\latex\ltxmisc\url.sty"
\Urlmuskip=\muskip10
Package: url 2006/04/12  ver 3.3  Verb mode for urls, etc.
)
\c@affil=\count83
\absbox=\box31
\c@part=\count84
\c@section=\count85
\c@subsection=\count86
\c@subsubsection=\count87
\c@paragraph=\count88
\c@subparagraph=\count89
\abovecaptionskip=\skip41
\belowcaptionskip=\skip42
\c@figure=\count90
\c@table=\count91

("C:\Program Files (x86)\MiKTeX 2.8\tex\latex\natbib\natbib.sty"
Package: natbib 2009/11/07 8.31a (PWD, AO)
\bibhang=\skip43
\bibsep=\skip44
LaTeX Info: Redefining \cite on input line 694.
\c@NAT@ctr=\count92
)
\widetext@top=\box32
\widetext@bot=\box33

("C:\Program Files (x86)\MiKTeX 2.8\tex\latex\revtex4\revsymb.sty"
Package: revsymb 2001/08/03 v4.0 (http://publish.aps.org/revtex4/ for documenta
tion)
LaTeX Info: Redefining \REV@mathfrak on input line 118.
))
("C:\Program Files (x86)\MiKTeX 2.8\tex\latex\revtex4\aps.rtx"
File: aps.rtx 2001/08/03 v4.0 (http://publish.aps.org/revtex4/ for documentatio
n)
)
("C:\Program Files (x86)\MiKTeX 2.8\tex\latex\revtex4\10pt.rtx"
File: 10pt.rtx 2001/08/03 v4.0 (http://publish.aps.org/revtex4/ for documentati
on)
)
("C:\Program Files (x86)\MiKTeX 2.8\tex\latex\graphics\graphicx.sty"
Package: graphicx 1999/02/16 v1.0f Enhanced LaTeX Graphics (DPC,SPQR)

("C:\Program Files (x86)\MiKTeX 2.8\tex\latex\graphics\keyval.sty"
Package: keyval 1999/03/16 v1.13 key=value parser (DPC)
\KV@toks@=\toks16
)
("C:\Program Files (x86)\MiKTeX 2.8\tex\latex\graphics\graphics.sty"
Package: graphics 2009/02/05 v1.0o Standard LaTeX Graphics (DPC,SPQR)

("C:\Program Files (x86)\MiKTeX 2.8\tex\latex\graphics\trig.sty"
Package: trig 1999/03/16 v1.09 sin cos tan (DPC)
)
("C:\Program Files (x86)\MiKTeX 2.8\tex\latex\00miktex\graphics.cfg"
File: graphics.cfg 2007/01/18 v1.5 graphics configuration of teTeX/TeXLive
)
Package graphics Info: Driver file: dvips.def on input line 91.

("C:\Program Files (x86)\MiKTeX 2.8\tex\latex\graphics\dvips.def"
File: dvips.def 1999/02/16 v3.0i Driver-dependant file (DPC,SPQR)
))
\Gin@req@height=\dimen102
\Gin@req@width=\dimen103
)
("C:\Program Files (x86)\MiKTeX 2.8\tex\latex\graphics\color.sty"
Package: color 2005/11/14 v1.0j Standard LaTeX Color (DPC)

("C:\Program Files (x86)\MiKTeX 2.8\tex\latex\00miktex\color.cfg"
File: color.cfg 2007/01/18 v1.5 color configuration of teTeX/TeXLive
)
Package color Info: Driver file: dvips.def on input line 130.

("C:\Program Files (x86)\MiKTeX 2.8\tex\latex\graphics\dvipsnam.def"
File: dvipsnam.def 1999/02/16 v3.0i Driver-dependant file (DPC,SPQR)
))
("C:\Program Files (x86)\MiKTeX 2.8\tex\latex\psfrag\psfrag.sty"
Package: psfrag 1998/04/11 v3.04 PSfrag (MCG)
\pfg@pcount=\count93
\pfg@scount=\count94
\pfg@temp=\write3
)
("C:\Program Files (x86)\MiKTeX 2.8\tex\latex\subfigure\subfigure.sty"
Package: subfigure 2002/07/30 v2.1.4 subfigure package
\subfigtopskip=\skip45
\subfigcapskip=\skip46
\subfigcaptopadj=\dimen104
\subfigbottomskip=\skip47
\subfigcapmargin=\dimen105
\subfiglabelskip=\skip48
\c@subfigure=\count95
\c@lofdepth=\count96
\c@subtable=\count97
\c@lotdepth=\count98

****************************************
* Local config file subfigure.cfg used *
****************************************
("C:\Program Files (x86)\MiKTeX 2.8\tex\latex\subfigure\subfigure.cfg")
\subfig@top=\skip49
\subfig@bottom=\skip50
)
("C:\Program Files (x86)\MiKTeX 2.8\tex\latex\hyperref\hyperref.sty"
Package: hyperref 2010/06/18 v6.81g Hypertext links for LaTeX

("C:\Program Files (x86)\MiKTeX 2.8\tex\generic\oberdiek\ltxcmds.sty"
Package: ltxcmds 2010/04/26 v1.7 LaTeX kernel commands for general use (HO)
)
("C:\Program Files (x86)\MiKTeX 2.8\tex\generic\oberdiek\kvsetkeys.sty"
Package: kvsetkeys 2010/03/01 v1.9 Key value parser (HO)

("C:\Program Files (x86)\MiKTeX 2.8\tex\generic\oberdiek\infwarerr.sty"
Package: infwarerr 2010/04/08 v1.3 Providing info/warning/message (HO)
)
("C:\Program Files (x86)\MiKTeX 2.8\tex\generic\oberdiek\etexcmds.sty"
Package: etexcmds 2010/01/28 v1.3 Prefix for e-TeX command names (HO)
Package etexcmds Info: Could not find \expanded.
(etexcmds)             That can mean that you are not using pdfTeX 1.50 or
(etexcmds)             that some package has redefined \expanded.
(etexcmds)             In the latter case, load this package earlier.
))
("C:\Program Files (x86)\MiKTeX 2.8\tex\generic\oberdiek\pdfescape.sty"
Package: pdfescape 2010/03/01 v1.9 Provides hex, PDF name and string conversion
s (HO)

("C:\Program Files (x86)\MiKTeX 2.8\tex\generic\oberdiek\pdftexcmds.sty"
Package: pdftexcmds 2010/04/01 v0.9 Utility functions of pdfTeX for LuaTeX (HO)


("C:\Program Files (x86)\MiKTeX 2.8\tex\generic\oberdiek\ifluatex.sty"
Package: ifluatex 2010/03/01 v1.3 Provides the ifluatex switch (HO)
Package ifluatex Info: LuaTeX not detected.
)
Package pdftexcmds Info: LuaTeX not detected.
Package pdftexcmds Info: \pdf@primitive is available.
Package pdftexcmds Info: \pdf@ifprimitive is available.
))
("C:\Program Files (x86)\MiKTeX 2.8\tex\generic\oberdiek\ifpdf.sty"
Package: ifpdf 2010/01/28 v2.1 Provides the ifpdf switch (HO)
Package ifpdf Info: pdfTeX in pdf mode not detected.
)
("C:\Program Files (x86)\MiKTeX 2.8\tex\generic\oberdiek\ifvtex.sty"
Package: ifvtex 2010/03/01 v1.5 Switches for detecting VTeX and its modes (HO)
Package ifvtex Info: VTeX not detected.
)
("C:\Program Files (x86)\MiKTeX 2.8\tex\latex\ifxetex\ifxetex.sty"
Package: ifxetex 2009/01/23 v0.5 Provides ifxetex conditional
)
("C:\Program Files (x86)\MiKTeX 2.8\tex\latex\oberdiek\hycolor.sty"
Package: hycolor 2009/12/12 v1.6 Color options of hyperref/bookmark (HO)

("C:\Program Files (x86)\MiKTeX 2.8\tex\latex\oberdiek\xcolor-patch.sty"
Package: xcolor-patch 2009/12/12 xcolor patch
))
("C:\Program Files (x86)\MiKTeX 2.8\tex\latex\oberdiek\letltxmacro.sty"
Package: letltxmacro 2008/06/24 v1.3 Let assignment for LaTeX macros (HO)
)
\@linkdim=\dimen106
\Hy@linkcounter=\count99
\Hy@pagecounter=\count100

("C:\Program Files (x86)\MiKTeX 2.8\tex\latex\hyperref\pd1enc.def"
File: pd1enc.def 2010/06/18 v6.81g Hyperref: PDFDocEncoding definition (HO)
)
("C:\Program Files (x86)\MiKTeX 2.8\tex\generic\oberdiek\intcalc.sty"
Package: intcalc 2007/09/27 v1.1 Expandable integer calculations (HO)
)
("C:\Program Files (x86)\MiKTeX 2.8\tex\latex\00miktex\hyperref.cfg"
File: hyperref.cfg 2002/06/06 v1.2 hyperref configuration of TeXLive
)
("C:\Program Files (x86)\MiKTeX 2.8\tex\latex\oberdiek\kvoptions.sty"
Package: kvoptions 2010/02/22 v3.7 Keyval support for LaTeX options (HO)
)
Package hyperref Info: Hyper figures OFF on input line 3658.
Package hyperref Info: Link nesting OFF on input line 3663.
Package hyperref Info: Hyper index ON on input line 3666.
Package hyperref Info: Plain pages OFF on input line 3673.
Package hyperref Info: Backreferencing OFF on input line 3678.

Implicit mode ON; LaTeX internals redefined
Package hyperref Info: Bookmarks ON on input line 3874.
LaTeX Info: Redefining \url on input line 4159.
("C:\Program Files (x86)\MiKTeX 2.8\tex\generic\oberdiek\bitset.sty"
Package: bitset 2007/09/28 v1.0 Data type bit set (HO)

("C:\Program Files (x86)\MiKTeX 2.8\tex\generic\oberdiek\bigintcalc.sty"
Package: bigintcalc 2007/11/11 v1.1 Expandable big integer calculations (HO)
))
\Fld@menulength=\count101
\Field@Width=\dimen107
\Fld@charsize=\dimen108
\Field@toks=\toks17
Package hyperref Info: Hyper figures OFF on input line 5137.
Package hyperref Info: Link nesting OFF on input line 5142.
Package hyperref Info: Hyper index ON on input line 5145.
Package hyperref Info: backreferencing OFF on input line 5152.
Package hyperref Info: Link coloring OFF on input line 5157.
Package hyperref Info: Link coloring with OCG OFF on input line 5162.
Package hyperref Info: PDF/A mode OFF on input line 5167.
LaTeX Info: Redefining \ref on input line 5207.
LaTeX Info: Redefining \pageref on input line 5211.

("C:\Program Files (x86)\MiKTeX 2.8\tex\generic\oberdiek\atbegshi.sty"
Package: atbegshi 2010/03/25 v1.12 At begin shipout hook (HO)
)
\Hy@abspage=\count102
\c@Item=\count103
\c@Hfootnote=\count104
)
* hyperref using default driver hdvips *
("C:\Program Files (x86)\MiKTeX 2.8\tex\latex\hyperref\hdvips.def"
File: hdvips.def 2010/06/18 v6.81g Hyperref driver for dvips

("C:\Program Files (x86)\MiKTeX 2.8\tex\latex\hyperref\pdfmark.def"
File: pdfmark.def 2010/06/18 v6.81g Hyperref definitions for pdfmark specials
\pdf@docset=\toks18
\pdf@box=\box34
\pdf@toks=\toks19
\pdf@defaulttoks=\toks20
\Fld@listcount=\count105
\c@bookmark@seq@number=\count106

("C:\Program Files (x86)\MiKTeX 2.8\tex\latex\oberdiek\rerunfilecheck.sty"
Package: rerunfilecheck 2010/03/16 v1.6 Rerun checks for auxiliary files (HO)

("C:\Program Files (x86)\MiKTeX 2.8\tex\latex\oberdiek\atveryend.sty"
Package: atveryend 2010/03/24 v1.5 Hooks at very end of document (HO)
)
("C:\Program Files (x86)\MiKTeX 2.8\tex\generic\oberdiek\uniquecounter.sty"
Package: uniquecounter 2009/12/18 v1.1 Provides unlimited unique counter (HO)
)
Package uniquecounter Info: New unique counter `rerunfilecheck' on input line 2
71.
)
\Hy@SectionHShift=\skip51
))

LaTeX Warning: Unused global option(s):
    [reprint].

No file Parabolic_spectrum_JRG.aux.
LaTeX Font Info:    Checking defaults for OML/cmm/m/it on input line 24.
LaTeX Font Info:    ... okay on input line 24.
LaTeX Font Info:    Checking defaults for T1/cmr/m/n on input line 24.
LaTeX Font Info:    ... okay on input line 24.
LaTeX Font Info:    Checking defaults for OT1/cmr/m/n on input line 24.
LaTeX Font Info:    ... okay on input line 24.
LaTeX Font Info:    Checking defaults for OMS/cmsy/m/n on input line 24.
LaTeX Font Info:    ... okay on input line 24.
LaTeX Font Info:    Checking defaults for OMX/cmex/m/n on input line 24.
LaTeX Font Info:    ... okay on input line 24.
LaTeX Font Info:    Checking defaults for U/cmr/m/n on input line 24.
LaTeX Font Info:    ... okay on input line 24.
LaTeX Font Info:    Checking defaults for PD1/pdf/m/n on input line 24.
LaTeX Font Info:    ... okay on input line 24.
Class revtex4 Info: Patching LaTeX tabular. on input line 24.
Class revtex4 Info: cite was not loaded (OK!) on input line 24.
Class revtex4 Info: multicol was not loaded (OK!) on input line 24.
\AtBeginShipoutBox=\box35

Package hyperref Warning: Height of page (\paperheight) is invalid (0.0pt),
(hyperref)                using 11in.

Package hyperref Info: Link coloring OFF on input line 24.
("C:\Program Files (x86)\MiKTeX 2.8\tex\latex\hyperref\nameref.sty"
Package: nameref 2010/04/30 v2.40 Cross-referencing by name of section

("C:\Program Files (x86)\MiKTeX 2.8\tex\latex\oberdiek\refcount.sty"
Package: refcount 2008/08/11 v3.1 Data extraction from references (HO)
)
("C:\Program Files (x86)\MiKTeX 2.8\tex\generic\oberdiek\gettitlestring.sty"
Package: gettitlestring 2009/12/18 v1.3 Cleanup title references (HO)
)
\c@section@level=\count107
)
LaTeX Info: Redefining \ref on input line 24.
LaTeX Info: Redefining \pageref on input line 24.
LaTeX Info: Redefining \nameref on input line 24.
\@outlinefile=\write4


Package hyperref Warning: Rerun to get /PageLabels entry.

LaTeX Font Info:    External font `cmex10' loaded for size
(Font)              <9> on input line 40.
LaTeX Font Info:    External font `cmex10' loaded for size
(Font)              <6> on input line 40.
LaTeX Font Info:    External font `cmex10' loaded for size
(Font)              <5> on input line 40.
LaTeX Font Info:    External font `cmex10' loaded for size
(Font)              <7> on input line 49.
LaTeX Font Info:    External font `cmex10' loaded for size
(Font)              <8> on input line 49.

Package natbib Warning: Citation `Bender1998' on page 1 undefined on input line
 52.


Package natbib Warning: Citation `Danzmann2003' on page 1 undefined on input li
ne 52.


Package natbib Warning: Citation `gair09' on page 1 undefined on input line 52.



Package natbib Warning: Citation `Rubbo2006' on page 1 undefined on input line 
52.


Package natbib Warning: Citation `Hopman2007' on page 1 undefined on input line
 52.


Package natbib Warning: Citation `endnote1' on page 1 undefined on input line 5
4.

\@endnoteout=\write5

Package natbib Warning: Citation `Peters1963' on page 1 undefined on input line
 54.


Package natbib Warning: Citation `Peters1964' on page 1 undefined on input line
 54.


LaTeX Warning: Reference `sec:application' on page 1 undefined on input line 54
.


Package natbib Warning: Citation `Peters1963' on page 1 undefined on input line
 58.

[1]

Package natbib Warning: Citation `Watson1995' on page 2 undefined on input line
 94.


Package natbib Warning: Citation `Watson1995' on page 2 undefined on input line
 114.


Package natbib Warning: Citation `Watson1995' on page 2 undefined on input line
 119.


LaTeX Warning: Reference `eq:J_derivative' on page 2 undefined on input line 13
7.


LaTeX Warning: Reference `eq:J_nu' on page 2 undefined on input line 137.


Package natbib Warning: Citation `Watson1995' on page 2 undefined on input line
 142.


LaTeX Warning: Reference `eq:PM_spectrum' on page 2 undefined on input line 158
.


LaTeX Warning: Reference `eq:PM_dEdf' on page 2 undefined on input line 171.

[2]

LaTeX Warning: Reference `eq:PM_P' on page 3 undefined on input line 175.


LaTeX Warning: Reference `eq:Kepler_freq' on page 3 undefined on input line 175
.


LaTeX Warning: Reference `eq:E(n)' on page 3 undefined on input line 175.


Package natbib Warning: Citation `Peters1963' on page 3 undefined on input line
 175.


LaTeX Warning: Reference `eq:PM_dEdf' on page 3 undefined on input line 188.


Package natbib Warning: Citation `Martel2004a' on page 3 undefined on input lin
e 201.


LaTeX Warning: Reference `fig:E_ratio' on page 3 undefined on input line 201.


Overfull \hbox (7.77795pt too wide) in paragraph at lines 235--235
 []\OT1/cmr/m/n/8 (a) 
 []


Overfull \hbox (17.33643pt too wide) in paragraph at lines 235--235
 \OT1/cmr/m/n/8 Ratio 
 []


Overfull \hbox (3.764pt too wide) in paragraph at lines 235--235
 \OT1/cmr/m/n/8 of 
 []


Overfull \hbox (8.25018pt too wide) in paragraph at lines 235--235
 \OT1/cmr/m/n/8 en- 
 []


Overfull \hbox (6.84044pt too wide) in paragraph at lines 235--235
 \OT1/cmr/m/n/8 er- 
 []


Overfull \hbox (10.65855pt too wide) in paragraph at lines 235--235
 \OT1/cmr/m/n/8 gies 
 []


Overfull \hbox (18.74062pt too wide) in paragraph at lines 235--235
 \OT1/cmr/m/n/8 verses 
 []


Overfull \hbox (8.4863pt too wide) in paragraph at lines 235--235
 \OT1/cmr/m/n/8 pe- 
 []


Overfull \hbox (5.42375pt too wide) in paragraph at lines 235--235
 \OT1/cmr/m/n/8 ri- 
 []


Overfull \hbox (13.0197pt too wide) in paragraph at lines 235--235
 \OT1/cmr/m/n/8 apse 
 []


Overfull \hbox (7.31267pt too wide) in paragraph at lines 235--235
 \OT1/cmr/m/n/8 ra- 
 []


Overfull \hbox (12.07524pt too wide) in paragraph at lines 235--235
 \OT1/cmr/m/n/8 dius 
 []


Overfull \hbox (7.46837pt too wide) in paragraph at lines 235--235
 \OML/cmm/m/it/8 r[]$\OT1/cmr/m/n/8 .[][] 
 []


Overfull \hbox (8.25018pt too wide) in paragraph at lines 268--268
 [][]\OT1/cmr/m/n/8 (b) 
 []


Overfull \hbox (17.33643pt too wide) in paragraph at lines 268--268
 \OT1/cmr/m/n/8 Ratio 
 []


Overfull \hbox (3.764pt too wide) in paragraph at lines 268--268
 \OT1/cmr/m/n/8 of 
 []


Overfull \hbox (8.25018pt too wide) in paragraph at lines 268--268
 \OT1/cmr/m/n/8 en- 
 []


Overfull \hbox (6.84044pt too wide) in paragraph at lines 268--268
 \OT1/cmr/m/n/8 er- 
 []


Overfull \hbox (10.65855pt too wide) in paragraph at lines 268--268
 \OT1/cmr/m/n/8 gies 
 []


Overfull \hbox (18.74062pt too wide) in paragraph at lines 268--268
 \OT1/cmr/m/n/8 verses 
 []


Overfull \hbox (8.72241pt too wide) in paragraph at lines 268--268
 \OT1/cmr/m/n/8 the 
 []


Overfull \hbox (6.84044pt too wide) in paragraph at lines 268--268
 \OT1/cmr/m/n/8 re- 
 []


Overfull \hbox (10.61133pt too wide) in paragraph at lines 268--268
 \OT1/cmr/m/n/8 cip- 
 []


Overfull \hbox (7.31267pt too wide) in paragraph at lines 268--268
 \OT1/cmr/m/n/8 ro- 
 []


Overfull \hbox (7.30573pt too wide) in paragraph at lines 268--268
 \OT1/cmr/m/n/8 cal 
 []


Overfull \hbox (3.764pt too wide) in paragraph at lines 268--268
 \OT1/cmr/m/n/8 of 
 []


Overfull \hbox (8.72241pt too wide) in paragraph at lines 268--268
 \OT1/cmr/m/n/8 the 
 []


Overfull \hbox (16.04196pt too wide) in paragraph at lines 268--268
 \OT1/cmr/m/n/8 num- 
 []


Overfull \hbox (8.96547pt too wide) in paragraph at lines 268--268
 \OT1/cmr/m/n/8 ber 
 []


Overfull \hbox (3.764pt too wide) in paragraph at lines 268--268
 \OT1/cmr/m/n/8 of 
 []


Overfull \hbox (7.31267pt too wide) in paragraph at lines 268--268
 \OT1/cmr/m/n/8 ro- 
 []


Overfull \hbox (7.30573pt too wide) in paragraph at lines 268--268
 \OT1/cmr/m/n/8 ta- 
 []


Overfull \hbox (14.90862pt too wide) in paragraph at lines 268--268
 \OT1/cmr/m/n/8 tions 
 []


Overfull \hbox (14.90442pt too wide) in paragraph at lines 268--268
 \OT1/cmr/m/n/8 1\OML/cmm/m/it/8 =N$\OT1/cmr/m/n/8 . 
 []


Overfull \hbox (11.55579pt too wide) in paragraph at lines 268--268
 \OT1/cmr/m/n/8 The 
 []


Overfull \hbox (10.13077pt too wide) in paragraph at lines 268--268
 \OT1/cmr/m/n/8 Ke- 
 []


Overfull \hbox (4.47235pt too wide) in paragraph at lines 268--268
 \OT1/cmr/m/n/8 p- 
 []


Overfull \hbox (5.88904pt too wide) in paragraph at lines 268--268
 \OT1/cmr/m/n/8 le- 
 []


Overfull \hbox (11.56273pt too wide) in paragraph at lines 268--268
 \OT1/cmr/m/n/8 rian 
 []


Overfull \hbox (14.38916pt too wide) in paragraph at lines 268--268
 \OT1/cmr/m/n/8 limit 
 []


Overfull \hbox (11.0905pt too wide) in paragraph at lines 268--268
 \OT1/cmr/m/n/8 cor- 
 []


Overfull \hbox (6.84044pt too wide) in paragraph at lines 268--268
 \OT1/cmr/m/n/8 re- 
 []


Overfull \hbox (22.27539pt too wide) in paragraph at lines 268--268
 \OT1/cmr/m/n/8 sponds 
 []


Overfull \hbox (4.47235pt too wide) in paragraph at lines 268--268
 \OT1/cmr/m/n/8 to 
 []


Overfull \hbox (13.48773pt too wide) in paragraph at lines 268--268
 \OML/cmm/m/it/8 N \OT1/cmr/m/n/8 = 
 []


Overfull \hbox (3.5279pt too wide) in paragraph at lines 268--268
 \OT1/cmr/m/n/8 1$.[][] 
 []


Package natbib Warning: Citation `Peters1963' on page 3 undefined on input line
 269.


Package natbib Warning: Citation `Martel2004a' on page 3 undefined on input lin
e 269.


Package natbib Warning: Citation `Peters1963' on page 3 undefined on input line
 269.


Package natbib Warning: Citation `Martel2004a' on page 3 undefined on input lin
e 269.


LaTeX Warning: Reference `fig:N_ratio' on page 3 undefined on input line 271.


Package natbib Warning: Citation `Gradshteyn2000' on page 3 undefined on input 
line 292.


Overfull \hbox (1.84818pt too wide) in alignment at lines 293--296
 [][][] []
 []


Package natbib Warning: Citation `Cutler1994' on page 3 undefined on input line
 297.


LaTeX Warning: Reference `fig:N_peri' on page 3 undefined on input line 301.

[3]

Package natbib Warning: Citation `Rubbo2006' on page 4 undefined on input line 
340.


Package natbib Warning: Citation `Hopman2007' on page 4 undefined on input line
 340.

No file Parabolic_spectrum_JRG.bbl.

LaTeX Warning: Reference `LastBibItem' on page 4 undefined on input line 350.

("C:\Users\cplb2\Documents\Cambridge\PhD\Write up\PM\Parabolic_spectrum_JRG.end
" [4])

Package natbib Warning: There were undefined citations.

Package atveryend Info: Empty hook `BeforeClearDocument' on input line 350.
Package atveryend Info: Empty hook `AfterLastShipout' on input line 350.
[5]
("C:\Users\cplb2\Documents\Cambridge\PhD\Write up\PM\Parabolic_spectrum_JRG.aux
"

Package natbib Warning: Citation(s) may have changed.
(natbib)                Rerun to get citations correct.

)
Package atveryend Info: Executing hook `AtVeryEndDocument' on input line 350.


Package rerunfilecheck Warning: File `Parabolic_spectrum_JRG.out' has changed.
(rerunfilecheck)                Rerun to get outlines right
(rerunfilecheck)                or use package `bookmark'.

Package rerunfilecheck Info: Checksums for `Parabolic_spectrum_JRG.out':
(rerunfilecheck)             Before: <no file>
(rerunfilecheck)             After:  02BBD0084A0A4CA20B3E536CA17EA4CC;513.

LaTeX Warning: There were undefined references.


LaTeX Warning: Label(s) may have changed. Rerun to get cross-references right .


 ) 
Here is how much of TeX's memory you used:
 6210 strings out of 495286
 90330 string characters out of 3179850
 189678 words of memory out of 3000000
 9336 multiletter control sequences out of 15000+200000
 7941 words of font info for 28 fonts, out of 3000000 for 9000
 14 hyphenation exceptions out of 8191
 37i,12n,28p,1462b,444s stack positions out of 5000i,500n,10000p,200000b,50000s

Output written on Parabolic_spectrum_JRG.dvi (5 pages, 48556 bytes).
